Arguments: 
  /usr/bin/node /usr/share/yarn/bin/yarn.js start

PATH: 
  /home/vitalii/.local/bin:/usr/local/sbin:/usr/local/bin:/usr/sbin:/usr/bin:/sbin:/bin:/usr/games:/usr/local/games:/snap/bin

Yarn version: 
  1.17.3

Node version: 
  12.8.1

Platform: 
  linux x64

Trace: 
  SyntaxError: /home/vitalii/Javascript/mathParser/package.json: Unexpected token 
   in JSON at position 72
      at JSON.parse (<anonymous>)
      at /usr/share/yarn/lib/cli.js:1625:59
      at Generator.next (<anonymous>)
      at step (/usr/share/yarn/lib/cli.js:304:30)
      at /usr/share/yarn/lib/cli.js:315:13

npm manifest: 
  { "name": "mathparser", "version": "1.0.0", "description": "Math parser 
    tool", "main": "Lexer.js", "dependencies": {}, "devDependencies": {
      "@babel/cli": "^7.5.5",
      "@babel/core": "^7.5.5",
      "@babel/node": "^7.5.5",
      "@babel/preset-env": "^7.5.5",
      "nodemon": "^1.19.1"
    },
    "scripts": {
      "test": "echo \"Error: no test specified\" && exit 1"
    },
    "author": "vorobii.vitalii",
    "license": "ISC"
  }

yarn manifest: 
  No manifest

Lockfile: 
  No lockfile
